<?xml version="1.0" encoding="UTF-8"?>
<!-- Generated by org.testng.reporters.JUnitReportReporter -->
<testsuite hostname="LAPTOP-LHUR9BQO" failures="0" tests="4" name="com.qa.tests.DemoTest1" time="0.001" errors="0" timestamp="18 Jan 2021 23:55:30 GMT">
  <testcase classname="com.qa.tests.DemoTest1" name="mul" time="0.000"/>
  <testcase classname="com.qa.tests.DemoTest1" name="div" time="0.000"/>
  <testcase classname="com.qa.tests.DemoTest1" name="sub" time="0.000"/>
  <testcase classname="com.qa.tests.DemoTest1" name="sum" time="0.001"/>
</testsuite> <!-- com.qa.tests.DemoTest1 -->
